<?xml version="1.0" encoding="UTF-8"?>
<!-- Generated by org.testng.reporters.JUnitReportReporter -->
<testsuite hostname="DESKTOP-AUJ1KT1" failures="0" tests="1" name="new_proj.Maven_proj.AppTest" time="0.003" errors="0" timestamp="2021-06-23T01:18:06 IST" skipped="0">
  <testcase classname="new_proj.Maven_proj.AppTest" name="shouldAnswerWithTrue" time="0.003"/>
  <system-out/>
</testsuite> <!-- new_proj.Maven_proj.AppTest -->
