<?xml version="1.0" encoding="UTF-8"?>
<!-- Generated by org.testng.reporters.JUnitReportReporter -->
<testsuite hostname="DESKTOP-AUJ1KT1" failures="0" tests="2" name="new_proj.Maven_proj.RestAPITest" time="0.001" errors="0" timestamp="2021-06-23T01:18:06 IST" skipped="0">
  <testcase classname="new_proj.Maven_proj.RestAPITest" name="postJira" time="0.001"/>
  <system-out/>
  <testcase classname="new_proj.Maven_proj.RestAPITest" name="deleteTwitter" time="0.000"/>
  <system-out/>
</testsuite> <!-- new_proj.Maven_proj.RestAPITest -->
